<?xml version="1.0" encoding="UTF-8"?>
<!-- Generated by org.testng.reporters.JUnitReportReporter -->
<testsuite skipped="0" hostname="USBLRPPUNDHIR3" name="testing.Test3" tests="2" failures="0" timestamp="24 Sep 2020 11:08:19 GMT" time="0.004" errors="0">
  <testcase name="random6" time="0.002" classname="testing.Test3"/>
  <testcase name="random5" time="0.002" classname="testing.Test3"/>
</testsuite> <!-- testing.Test3 -->
