<?xml version="1.0" encoding="UTF-8"?>
<!-- Generated by org.testng.reporters.JUnitReportReporter -->
<testsuite skipped="0" hostname="USBLRPPUNDHIR3" name="testing.Test2" tests="3" failures="0" timestamp="23 Sep 2020 16:22:56 GMT" time="0.015" errors="0">
  <testcase name="random3" time="0.000" classname="testing.Test2"/>
  <testcase name="random4" time="0.000" classname="testing.Test2"/>
  <testcase name="random5" time="0.015" classname="testing.Test2"/>
</testsuite> <!-- testing.Test2 -->
