<?xml version="1.0" encoding="UTF-8"?>
<!-- Generated by org.testng.reporters.JUnitReportReporter -->
<testsuite skipped="0" hostname="USBLRPPUNDHIR3" name="testing.Test4" tests="2" failures="0" timestamp="24 Sep 2020 11:08:19 GMT" time="0.017" errors="0">
  <testcase name="random7" time="0.015" classname="testing.Test4"/>
  <testcase name="random8" time="0.002" classname="testing.Test4"/>
</testsuite> <!-- testing.Test4 -->
